C51 COMPILER V9.60.7.0   PRIME                                                             11/14/2024 16:57:32 PAGE 1   


C51 COMPILER V9.60.7.0, COMPILATION OF MODULE PRIME
OBJECT MODULE PLACED IN .\Objects\prime.obj
COMPILER INVOKED BY: C:\Keil_v5\C51\BIN\C51.EXE prime.c OPTIMIZE(8,SPEED) BROWSE DEBUG OBJECTEXTEND PRINT(.\Listings\pri
                    -me.lst) TABS(2) OBJECT(.\Objects\prime.obj)

line level    source

   1          #include <REGX52.h>
   2          #include <math.h>
   3          
   4          void delay() {
   5   1          int i;
   6   1          for (i = 0; i < 1000; i++) {
   7   2              TMOD = 0x01;  // Timer0 mode1
   8   2              TH0 = 0xFC;    // Initial value for 1ms
   9   2              TL0 = 0x66;
  10   2              TR0 = 1;       // Timer start
  11   2              while (TF0 == 0);  // Wait for overflow
  12   2              TR0 = 0;       // Stop Timer
  13   2              TF0 = 0;       // Clear flag
  14   2          }
  15   1      }
  16          
  17          unsigned int primeNumberFind() {
  18   1          unsigned int numberOfPrimes = 2;
  19   1          unsigned int currentNum = 4;
  20   1          unsigned int limit = 500;
  21   1          
  22   1          while (currentNum < limit) {
  23   2              unsigned int isPrime = 1;  // Assume number is prime
  24   2              int i;
  25   2              for (i = 2; i <= floor(sqrt(currentNum)); i++) {
  26   3                  if (currentNum % i == 0) {
  27   4                      isPrime = 0;  // Not a prime number
  28   4                      break;
  29   4                  }
  30   3              }
  31   2              if (isPrime) {
  32   3                  numberOfPrimes++;
  33   3              }
  34   2              currentNum++;
  35   2          };
  36   1          return numberOfPrimes;
  37   1      }
  38          
  39          void main() {
  40   1          unsigned int pNums = primeNumberFind();
  41   1          P1_2 = 0x00;  // Initialize pin P1_2 as output
  42   1          P1_3 = 0x00;
  43   1          delay();
  44   1          if (pNums % 2 == 0) {
  45   2            delay();
  46   2            P1_2 = 1;
  47   2            P1_3 = 0;
  48   2            delay();
  49   2            P1_2 = 0;
  50   2            P1_3 = 1;
  51   2            delay();
  52   2            P1_2 = 1;
  53   2            delay();
  54   2            P1_2 = 0;
C51 COMPILER V9.60.7.0   PRIME                                                             11/14/2024 16:57:32 PAGE 2   

  55   2            P1_3 = 1;
  56   2            delay();
  57   2            P1_2 = 1;
  58   2            P1_3 = 0;
  59   2            delay();
  60   2            P1_2 = 1;
  61   2            P1_3 = 0;
  62   2            delay();
  63   2          } else {
  64   2            delay();
  65   2            P1_2 = 0;
  66   2            P1_3 = 1;
  67   2            delay();
  68   2            P1_2 = 1;
  69   2            P1_3 = 0;
  70   2            delay();
  71   2            P1_2 = 0;
  72   2            P1_3 = 1;
  73   2            delay();
  74   2            P1_2 = 0;
  75   2            P1_3 = 1;
  76   2            delay();
  77   2            P1_2 = 1;
  78   2            P1_3 = 0;
  79   2            delay();
  80   2            P1_2 = 1;
  81   2            P1_3 = 0;
  82   2            delay();
  83   2          }
  84   1          while (1) {
  85   2              P1_2 = 1;  // Pin P1_2 high
  86   2              delay();
  87   2              P1_2 = 0;  // Pin P1_2 low
  88   2              delay();
  89   2          }
  90   1      }


MODULE INFORMATION:   STATIC OVERLAYABLE
   CODE SIZE        =    259    ----
   CONSTANT SIZE    =   ----    ----
   XDATA SIZE       =   ----    ----
   PDATA SIZE       =   ----    ----
   DATA SIZE        =   ----      10
   IDATA SIZE       =   ----    ----
   BIT SIZE         =   ----    ----
END OF MODULE INFORMATION.


C51 COMPILATION COMPLETE.  0 WARNING(S),  0 ERROR(S)
